2019-08-31 16:26:46,737 [INFO] Activator:176 - 


2019-08-31 16:26:46,737 [INFO] Activator:177 - !SESSION log4j initialized
2019-08-31 16:27:22,754 [ERROR] LogOutputStream:74 - [STDERR_REDIRECT] Managed Build system manifest file error: Option fr.ac6.managedbuild.option.gnu.cross.prefix.1080591506 uses a null category that is invalid in its context. The option was ignored.
2019-08-31 16:27:22,754 [ERROR] LogOutputStream:74 - [STDERR_REDIRECT] Managed Build system manifest file error: Option fr.ac6.managedbuild.option.gnu.cross.mcu.2138170244 uses a null category that is invalid in its context. The option was ignored.
2019-08-31 16:27:22,770 [ERROR] LogOutputStream:74 - [STDERR_REDIRECT] Managed Build system manifest file error: Option fr.ac6.managedbuild.option.gnu.cross.board.2023190011 uses a null category that is invalid in its context. The option was ignored.
2019-08-31 16:27:22,770 [ERROR] LogOutputStream:74 - [STDERR_REDIRECT] Managed Build system manifest file error: Option fr.ac6.managedbuild.option.gnu.cross.instructionSet.1358289506 uses a null category that is invalid in its context. The option was ignored.
2019-08-31 16:27:22,785 [ERROR] LogOutputStream:74 - [STDERR_REDIRECT] Managed Build system manifest file error: Option fr.ac6.managedbuild.option.gnu.cross.fpu.1469369864 uses a null category that is invalid in its context. The option was ignored.
2019-08-31 16:27:22,785 [ERROR] LogOutputStream:74 - [STDERR_REDIRECT] Managed Build system manifest file error: Option fr.ac6.managedbuild.option.gnu.cross.floatabi.1427200588 uses a null category that is invalid in its context. The option was ignored.
2019-08-31 16:27:22,973 [ERROR] LogOutputStream:74 - [STDERR_REDIRECT] Managed Build system manifest file error: Option fr.ac6.managedbuild.option.gnu.cross.prefix.1080591506 uses a null category that is invalid in its context. The option was ignored.
2019-08-31 16:27:22,973 [ERROR] LogOutputStream:74 - [STDERR_REDIRECT] Managed Build system manifest file error: Option fr.ac6.managedbuild.option.gnu.cross.mcu.2138170244 uses a null category that is invalid in its context. The option was ignored.
2019-08-31 16:27:22,988 [ERROR] LogOutputStream:74 - [STDERR_REDIRECT] Managed Build system manifest file error: Option fr.ac6.managedbuild.option.gnu.cross.board.2023190011 uses a null category that is invalid in its context. The option was ignored.
2019-08-31 16:27:22,988 [ERROR] LogOutputStream:74 - [STDERR_REDIRECT] Managed Build system manifest file error: Option fr.ac6.managedbuild.option.gnu.cross.instructionSet.1358289506 uses a null category that is invalid in its context. The option was ignored.
2019-08-31 16:27:23,004 [ERROR] LogOutputStream:74 - [STDERR_REDIRECT] Managed Build system manifest file error: Option fr.ac6.managedbuild.option.gnu.cross.fpu.1469369864 uses a null category that is invalid in its context. The option was ignored.
2019-08-31 16:27:23,004 [ERROR] LogOutputStream:74 - [STDERR_REDIRECT] Managed Build system manifest file error: Option fr.ac6.managedbuild.option.gnu.cross.floatabi.1427200588 uses a null category that is invalid in its context. The option was ignored.
2019-08-31 16:27:23,785 [ERROR] LogOutputStream:74 - [STDERR_REDIRECT] Managed Build system manifest file error: Option fr.ac6.managedbuild.option.gnu.cross.prefix.1080591506 uses a null category that is invalid in its context. The option was ignored.
2019-08-31 16:27:23,785 [ERROR] LogOutputStream:74 - [STDERR_REDIRECT] Managed Build system manifest file error: Option fr.ac6.managedbuild.option.gnu.cross.mcu.2138170244 uses a null category that is invalid in its context. The option was ignored.
2019-08-31 16:27:23,785 [ERROR] LogOutputStream:74 - [STDERR_REDIRECT] Managed Build system manifest file error: Option fr.ac6.managedbuild.option.gnu.cross.board.2023190011 uses a null category that is invalid in its context. The option was ignored.
2019-08-31 16:27:23,785 [ERROR] LogOutputStream:74 - [STDERR_REDIRECT] Managed Build system manifest file error: Option fr.ac6.managedbuild.option.gnu.cross.instructionSet.1358289506 uses a null category that is invalid in its context. The option was ignored.
2019-08-31 16:27:23,801 [ERROR] LogOutputStream:74 - [STDERR_REDIRECT] Managed Build system manifest file error: Option fr.ac6.managedbuild.option.gnu.cross.fpu.1469369864 uses a null category that is invalid in its context. The option was ignored.
2019-08-31 16:27:23,801 [ERROR] LogOutputStream:74 - [STDERR_REDIRECT] Managed Build system manifest file error: Option fr.ac6.managedbuild.option.gnu.cross.floatabi.1427200588 uses a null category that is invalid in its context. The option was ignored.
2019-08-31 16:27:23,816 [ERROR] LogOutputStream:74 - [STDERR_REDIRECT] Managed Build system manifest file error: Option fr.ac6.managedbuild.option.gnu.cross.prefix.1080591506 uses a null category that is invalid in its context. The option was ignored.
2019-08-31 16:27:23,832 [ERROR] LogOutputStream:74 - [STDERR_REDIRECT] Managed Build system manifest file error: Option fr.ac6.managedbuild.option.gnu.cross.mcu.2138170244 uses a null category that is invalid in its context. The option was ignored.
2019-08-31 16:27:23,832 [ERROR] LogOutputStream:74 - [STDERR_REDIRECT] Managed Build system manifest file error: Option fr.ac6.managedbuild.option.gnu.cross.board.2023190011 uses a null category that is invalid in its context. The option was ignored.
2019-08-31 16:27:23,832 [ERROR] LogOutputStream:74 - [STDERR_REDIRECT] Managed Build system manifest file error: Option fr.ac6.managedbuild.option.gnu.cross.instructionSet.1358289506 uses a null category that is invalid in its context. The option was ignored.
2019-08-31 16:27:23,832 [ERROR] LogOutputStream:74 - [STDERR_REDIRECT] Managed Build system manifest file error: Option fr.ac6.managedbuild.option.gnu.cross.fpu.1469369864 uses a null category that is invalid in its context. The option was ignored.
2019-08-31 16:27:23,832 [ERROR] LogOutputStream:74 - [STDERR_REDIRECT] Managed Build system manifest file error: Option fr.ac6.managedbuild.option.gnu.cross.floatabi.1427200588 uses a null category that is invalid in its context. The option was ignored.
2019-08-31 16:29:16,679 [INFO] Activator:176 - 


2019-08-31 16:29:16,694 [INFO] Activator:177 - !SESSION log4j initialized
2019-08-31 16:29:18,113 [ERROR] LogOutputStream:74 - [STDERR_REDIRECT] Managed Build system manifest file error: Option fr.ac6.managedbuild.option.gnu.cross.prefix.1080591506 uses a null category that is invalid in its context. The option was ignored.
2019-08-31 16:29:18,126 [ERROR] LogOutputStream:74 - [STDERR_REDIRECT] Managed Build system manifest file error: Option fr.ac6.managedbuild.option.gnu.cross.mcu.2138170244 uses a null category that is invalid in its context. The option was ignored.
2019-08-31 16:29:18,136 [ERROR] LogOutputStream:74 - [STDERR_REDIRECT] Managed Build system manifest file error: Option fr.ac6.managedbuild.option.gnu.cross.board.2023190011 uses a null category that is invalid in its context. The option was ignored.
2019-08-31 16:29:18,146 [ERROR] LogOutputStream:74 - [STDERR_REDIRECT] Managed Build system manifest file error: Option fr.ac6.managedbuild.option.gnu.cross.instructionSet.1358289506 uses a null category that is invalid in its context. The option was ignored.
2019-08-31 16:29:18,156 [ERROR] LogOutputStream:74 - [STDERR_REDIRECT] Managed Build system manifest file error: Option fr.ac6.managedbuild.option.gnu.cross.fpu.1469369864 uses a null category that is invalid in its context. The option was ignored.
2019-08-31 16:29:18,166 [ERROR] LogOutputStream:74 - [STDERR_REDIRECT] Managed Build system manifest file error: Option fr.ac6.managedbuild.option.gnu.cross.floatabi.1427200588 uses a null category that is invalid in its context. The option was ignored.
2019-08-31 16:29:18,347 [ERROR] LogOutputStream:74 - [STDERR_REDIRECT] Managed Build system manifest file error: Option fr.ac6.managedbuild.option.gnu.cross.prefix.1080591506 uses a null category that is invalid in its context. The option was ignored.
2019-08-31 16:29:18,357 [ERROR] LogOutputStream:74 - [STDERR_REDIRECT] Managed Build system manifest file error: Option fr.ac6.managedbuild.option.gnu.cross.mcu.2138170244 uses a null category that is invalid in its context. The option was ignored.
2019-08-31 16:29:18,365 [ERROR] LogOutputStream:74 - [STDERR_REDIRECT] Managed Build system manifest file error: Option fr.ac6.managedbuild.option.gnu.cross.board.2023190011 uses a null category that is invalid in its context. The option was ignored.
2019-08-31 16:29:18,367 [ERROR] LogOutputStream:74 - [STDERR_REDIRECT] Managed Build system manifest file error: Option fr.ac6.managedbuild.option.gnu.cross.instructionSet.1358289506 uses a null category that is invalid in its context. The option was ignored.
2019-08-31 16:29:18,377 [ERROR] LogOutputStream:74 - [STDERR_REDIRECT] Managed Build system manifest file error: Option fr.ac6.managedbuild.option.gnu.cross.fpu.1469369864 uses a null category that is invalid in its context. The option was ignored.
2019-08-31 16:29:18,385 [ERROR] LogOutputStream:74 - [STDERR_REDIRECT] Managed Build system manifest file error: Option fr.ac6.managedbuild.option.gnu.cross.floatabi.1427200588 uses a null category that is invalid in its context. The option was ignored.
2019-08-31 16:30:59,709 [ERROR] LogOutputStream:74 - [STDERR_REDIRECT] Managed Build system manifest file error: Option fr.ac6.managedbuild.option.gnu.cross.prefix.1080591506 uses a null category that is invalid in its context. The option was ignored.
2019-08-31 16:30:59,709 [ERROR] LogOutputStream:74 - [STDERR_REDIRECT] Managed Build system manifest file error: Option fr.ac6.managedbuild.option.gnu.cross.mcu.2138170244 uses a null category that is invalid in its context. The option was ignored.
2019-08-31 16:30:59,709 [ERROR] LogOutputStream:74 - [STDERR_REDIRECT] Managed Build system manifest file error: Option fr.ac6.managedbuild.option.gnu.cross.board.2023190011 uses a null category that is invalid in its context. The option was ignored.
2019-08-31 16:30:59,709 [ERROR] LogOutputStream:74 - [STDERR_REDIRECT] Managed Build system manifest file error: Option fr.ac6.managedbuild.option.gnu.cross.instructionSet.1358289506 uses a null category that is invalid in its context. The option was ignored.
2019-08-31 16:30:59,725 [ERROR] LogOutputStream:74 - [STDERR_REDIRECT] Managed Build system manifest file error: Option fr.ac6.managedbuild.option.gnu.cross.fpu.1469369864 uses a null category that is invalid in its context. The option was ignored.
2019-08-31 16:30:59,725 [ERROR] LogOutputStream:74 - [STDERR_REDIRECT] Managed Build system manifest file error: Option fr.ac6.managedbuild.option.gnu.cross.floatabi.1427200588 uses a null category that is invalid in its context. The option was ignored.
2019-08-31 16:30:59,787 [ERROR] LogOutputStream:74 - [STDERR_REDIRECT] Managed Build system manifest file error: Option fr.ac6.managedbuild.option.gnu.cross.prefix.1080591506 uses a null category that is invalid in its context. The option was ignored.
2019-08-31 16:30:59,787 [ERROR] LogOutputStream:74 - [STDERR_REDIRECT] Managed Build system manifest file error: Option fr.ac6.managedbuild.option.gnu.cross.mcu.2138170244 uses a null category that is invalid in its context. The option was ignored.
2019-08-31 16:30:59,803 [ERROR] LogOutputStream:74 - [STDERR_REDIRECT] Managed Build system manifest file error: Option fr.ac6.managedbuild.option.gnu.cross.board.2023190011 uses a null category that is invalid in its context. The option was ignored.
2019-08-31 16:30:59,810 [ERROR] LogOutputStream:74 - [STDERR_REDIRECT] Managed Build system manifest file error: Option fr.ac6.managedbuild.option.gnu.cross.instructionSet.1358289506 uses a null category that is invalid in its context. The option was ignored.
2019-08-31 16:30:59,810 [ERROR] LogOutputStream:74 - [STDERR_REDIRECT] Managed Build system manifest file error: Option fr.ac6.managedbuild.option.gnu.cross.fpu.1469369864 uses a null category that is invalid in its context. The option was ignored.
2019-08-31 16:30:59,810 [ERROR] LogOutputStream:74 - [STDERR_REDIRECT] Managed Build system manifest file error: Option fr.ac6.managedbuild.option.gnu.cross.floatabi.1427200588 uses a null category that is invalid in its context. The option was ignored.
2019-08-31 16:37:42,228 [ERROR] LogOutputStream:74 - [STDERR_REDIRECT] Managed Build system manifest file error: Option fr.ac6.managedbuild.option.gnu.cross.prefix.1080591506 uses a null category that is invalid in its context. The option was ignored.
2019-08-31 16:37:42,238 [ERROR] LogOutputStream:74 - [STDERR_REDIRECT] Managed Build system manifest file error: Option fr.ac6.managedbuild.option.gnu.cross.mcu.2138170244 uses a null category that is invalid in its context. The option was ignored.
2019-08-31 16:37:42,248 [ERROR] LogOutputStream:74 - [STDERR_REDIRECT] Managed Build system manifest file error: Option fr.ac6.managedbuild.option.gnu.cross.board.2023190011 uses a null category that is invalid in its context. The option was ignored.
2019-08-31 16:37:42,248 [ERROR] LogOutputStream:74 - [STDERR_REDIRECT] Managed Build system manifest file error: Option fr.ac6.managedbuild.option.gnu.cross.instructionSet.1358289506 uses a null category that is invalid in its context. The option was ignored.
2019-08-31 16:37:42,258 [ERROR] LogOutputStream:74 - [STDERR_REDIRECT] Managed Build system manifest file error: Option fr.ac6.managedbuild.option.gnu.cross.fpu.1469369864 uses a null category that is invalid in its context. The option was ignored.
2019-08-31 16:37:42,266 [ERROR] LogOutputStream:74 - [STDERR_REDIRECT] Managed Build system manifest file error: Option fr.ac6.managedbuild.option.gnu.cross.floatabi.1427200588 uses a null category that is invalid in its context. The option was ignored.
2019-08-31 16:37:42,308 [ERROR] LogOutputStream:74 - [STDERR_REDIRECT] Managed Build system manifest file error: Option fr.ac6.managedbuild.option.gnu.cross.prefix.1080591506 uses a null category that is invalid in its context. The option was ignored.
2019-08-31 16:37:42,308 [ERROR] LogOutputStream:74 - [STDERR_REDIRECT] Managed Build system manifest file error: Option fr.ac6.managedbuild.option.gnu.cross.mcu.2138170244 uses a null category that is invalid in its context. The option was ignored.
2019-08-31 16:37:42,318 [ERROR] LogOutputStream:74 - [STDERR_REDIRECT] Managed Build system manifest file error: Option fr.ac6.managedbuild.option.gnu.cross.board.2023190011 uses a null category that is invalid in its context. The option was ignored.
2019-08-31 16:37:42,326 [ERROR] LogOutputStream:74 - [STDERR_REDIRECT] Managed Build system manifest file error: Option fr.ac6.managedbuild.option.gnu.cross.instructionSet.1358289506 uses a null category that is invalid in its context. The option was ignored.
2019-08-31 16:37:42,328 [ERROR] LogOutputStream:74 - [STDERR_REDIRECT] Managed Build system manifest file error: Option fr.ac6.managedbuild.option.gnu.cross.fpu.1469369864 uses a null category that is invalid in its context. The option was ignored.
2019-08-31 16:37:42,328 [ERROR] LogOutputStream:74 - [STDERR_REDIRECT] Managed Build system manifest file error: Option fr.ac6.managedbuild.option.gnu.cross.floatabi.1427200588 uses a null category that is invalid in its context. The option was ignored.
2019-08-31 16:37:44,788 [ERROR] LogOutputStream:74 - [STDERR_REDIRECT] Managed Build system manifest file error: Option fr.ac6.managedbuild.option.gnu.cross.prefix.1080591506 uses a null category that is invalid in its context. The option was ignored.
2019-08-31 16:37:44,804 [ERROR] LogOutputStream:74 - [STDERR_REDIRECT] Managed Build system manifest file error: Option fr.ac6.managedbuild.option.gnu.cross.mcu.2138170244 uses a null category that is invalid in its context. The option was ignored.
2019-08-31 16:37:44,804 [ERROR] LogOutputStream:74 - [STDERR_REDIRECT] Managed Build system manifest file error: Option fr.ac6.managedbuild.option.gnu.cross.board.2023190011 uses a null category that is invalid in its context. The option was ignored.
2019-08-31 16:37:44,804 [ERROR] LogOutputStream:74 - [STDERR_REDIRECT] Managed Build system manifest file error: Option fr.ac6.managedbuild.option.gnu.cross.instructionSet.1358289506 uses a null category that is invalid in its context. The option was ignored.
2019-08-31 16:37:44,820 [ERROR] LogOutputStream:74 - [STDERR_REDIRECT] Managed Build system manifest file error: Option fr.ac6.managedbuild.option.gnu.cross.fpu.1469369864 uses a null category that is invalid in its context. The option was ignored.
2019-08-31 16:37:44,820 [ERROR] LogOutputStream:74 - [STDERR_REDIRECT] Managed Build system manifest file error: Option fr.ac6.managedbuild.option.gnu.cross.floatabi.1427200588 uses a null category that is invalid in its context. The option was ignored.
2019-08-31 16:37:44,842 [ERROR] LogOutputStream:74 - [STDERR_REDIRECT] Managed Build system manifest file error: Option fr.ac6.managedbuild.option.gnu.cross.prefix.1080591506 uses a null category that is invalid in its context. The option was ignored.
2019-08-31 16:37:44,842 [ERROR] LogOutputStream:74 - [STDERR_REDIRECT] Managed Build system manifest file error: Option fr.ac6.managedbuild.option.gnu.cross.mcu.2138170244 uses a null category that is invalid in its context. The option was ignored.
2019-08-31 16:37:44,857 [ERROR] LogOutputStream:74 - [STDERR_REDIRECT] Managed Build system manifest file error: Option fr.ac6.managedbuild.option.gnu.cross.board.2023190011 uses a null category that is invalid in its context. The option was ignored.
2019-08-31 16:37:44,857 [ERROR] LogOutputStream:74 - [STDERR_REDIRECT] Managed Build system manifest file error: Option fr.ac6.managedbuild.option.gnu.cross.instructionSet.1358289506 uses a null category that is invalid in its context. The option was ignored.
2019-08-31 16:37:44,857 [ERROR] LogOutputStream:74 - [STDERR_REDIRECT] Managed Build system manifest file error: Option fr.ac6.managedbuild.option.gnu.cross.fpu.1469369864 uses a null category that is invalid in its context. The option was ignored.
2019-08-31 16:37:44,873 [ERROR] LogOutputStream:74 - [STDERR_REDIRECT] Managed Build system manifest file error: Option fr.ac6.managedbuild.option.gnu.cross.floatabi.1427200588 uses a null category that is invalid in its context. The option was ignored.
2019-08-31 16:38:26,314 [INFO] ApplicationProperties:181 - Using Application install path: C:\ST\STM32CubeIDE_1.0.0\STM32CubeIDE\plugins\com.st.stm32cube.common.mx_5.3.0.201907110903
2019-08-31 16:38:26,330 [INFO] DbMcusXml:68 - Set database path to: C:\ST\STM32CubeIDE_1.0.0\STM32CubeIDE\plugins\com.st.stm32cube.common.mx_5.3.0.201907110903\\db\/mcu/
2019-08-31 16:38:26,346 [INFO] DbBoardsPdsc:54 - Set plugin database path to: C:\ST\STM32CubeIDE_1.0.0\STM32CubeIDE\plugins\com.st.stm32cube.common.mx_5.3.0.201907110903\\db\/plugins/boardmanager/
2019-08-31 16:38:26,346 [INFO] DbMcus:264 - Set plugin images path to: C:\ST\STM32CubeIDE_1.0.0\STM32CubeIDE\plugins\com.st.stm32cube.common.mx_5.3.0.201907110903\\db\/plugins/mcufinder/images/
2019-08-31 16:38:26,346 [INFO] DbBoards:232 - Set plugin images path to: C:\ST\STM32CubeIDE_1.0.0\STM32CubeIDE\plugins\com.st.stm32cube.common.mx_5.3.0.201907110903\\db\/plugins/mcufinder/images/
2019-08-31 16:38:26,346 [INFO] APIGFXSelector:72 - Set database path to: C:\ST\STM32CubeIDE_1.0.0\STM32CubeIDE\plugins\com.st.stm32cube.common.mx_5.3.0.201907110903\\db\/plugins/mcufinder/mcu/
2019-08-31 16:38:26,361 [INFO] DbMcusAds:72 - Set database path to: C:\Users\ryouma\.stmcufinder\plugins\mcufinder//mcu/
2019-08-31 16:38:26,361 [INFO] DbMcusDocs:92 - Set database path to: C:\Users\ryouma\.stmcufinder\plugins\mcufinder//mcu/
2019-08-31 16:38:26,361 [INFO] DbMcusJson:59 - Set database path to: C:\Users\ryouma\.stmcufinder\plugins\mcufinder//mcu/
2019-08-31 16:38:26,361 [INFO] DbBoardsDocs:84 - Set database path to: C:\Users\ryouma\.stmcufinder\plugins\mcufinder//mcu/
2019-08-31 16:38:26,361 [INFO] DbBoardsJson:51 - Set database path to: C:\Users\ryouma\.stmcufinder\plugins\mcufinder//mcu/
2019-08-31 16:38:26,392 [INFO] CrossReferenceDbSqlite:197 - Set database path to: C:\Users\ryouma\.stmcufinder\plugins\mcufinder//mcu/cs/
2019-08-31 16:38:26,517 [INFO] RulesReader:52 - Compatibility file has been processed (156 Rules)
2019-08-31 16:38:26,642 [INFO] MicroXplorer:521 - Detected Java Version = 1.8.0_202
2019-08-31 16:38:26,642 [INFO] DbMcusXml:68 - Set database path to: C:\ST\STM32CubeIDE_1.0.0\STM32CubeIDE\plugins\com.st.stm32cube.common.mx_5.3.0.201907110903\\db\/mcu/
2019-08-31 16:38:26,642 [INFO] DbBoardsPdsc:54 - Set plugin database path to: C:\ST\STM32CubeIDE_1.0.0\STM32CubeIDE\plugins\com.st.stm32cube.common.mx_5.3.0.201907110903\\db\/plugins/boardmanager/
2019-08-31 16:38:26,658 [INFO] DbMcus:264 - Set plugin images path to: C:\ST\STM32CubeIDE_1.0.0\STM32CubeIDE\plugins\com.st.stm32cube.common.mx_5.3.0.201907110903\\db\/plugins/mcufinder/images/
2019-08-31 16:38:26,658 [INFO] DbBoards:232 - Set plugin images path to: C:\ST\STM32CubeIDE_1.0.0\STM32CubeIDE\plugins\com.st.stm32cube.common.mx_5.3.0.201907110903\\db\/plugins/mcufinder/images/
2019-08-31 16:38:26,658 [INFO] APIGFXSelector:72 - Set database path to: C:\ST\STM32CubeIDE_1.0.0\STM32CubeIDE\plugins\com.st.stm32cube.common.mx_5.3.0.201907110903\\db\/plugins/mcufinder/mcu/
2019-08-31 16:38:26,658 [WARN] DbFile:31 - Overriding database path with different value: C:\Users\ryouma\.stmcufinder\plugins\mcufinder/ => C:\Users\ryouma\.stmcufinder\plugins\mcufinder
2019-08-31 16:38:26,658 [INFO] DbMcusAds:72 - Set database path to: C:\Users\ryouma\.stmcufinder\plugins\mcufinder//mcu/
2019-08-31 16:38:26,658 [WARN] DbFile:31 - Overriding database path with different value: C:\Users\ryouma\.stmcufinder\plugins\mcufinder/ => C:\Users\ryouma\.stmcufinder\plugins\mcufinder
2019-08-31 16:38:26,658 [INFO] DbMcusDocs:92 - Set database path to: C:\Users\ryouma\.stmcufinder\plugins\mcufinder//mcu/
2019-08-31 16:38:26,658 [WARN] DbFile:31 - Overriding database path with different value: C:\Users\ryouma\.stmcufinder\plugins\mcufinder/ => C:\Users\ryouma\.stmcufinder\plugins\mcufinder
2019-08-31 16:38:26,658 [INFO] DbMcusJson:59 - Set database path to: C:\Users\ryouma\.stmcufinder\plugins\mcufinder//mcu/
2019-08-31 16:38:26,658 [WARN] DbFile:31 - Overriding database path with different value: C:\Users\ryouma\.stmcufinder\plugins\mcufinder/ => C:\Users\ryouma\.stmcufinder\plugins\mcufinder
2019-08-31 16:38:26,658 [INFO] DbBoardsDocs:84 - Set database path to: C:\Users\ryouma\.stmcufinder\plugins\mcufinder//mcu/
2019-08-31 16:38:26,658 [WARN] DbFile:31 - Overriding database path with different value: C:\Users\ryouma\.stmcufinder\plugins\mcufinder/ => C:\Users\ryouma\.stmcufinder\plugins\mcufinder
2019-08-31 16:38:26,658 [INFO] DbBoardsJson:51 - Set database path to: C:\Users\ryouma\.stmcufinder\plugins\mcufinder//mcu/
2019-08-31 16:38:26,658 [WARN] DbFile:31 - Overriding database path with different value: C:\Users\ryouma\.stmcufinder\plugins\mcufinder/ => C:\Users\ryouma\.stmcufinder\plugins\mcufinder
2019-08-31 16:38:26,658 [WARN] DbFile:31 - Overriding database path with different value: C:\Users\ryouma\.stmcufinder\plugins\mcufinder/ => C:\Users\ryouma\.stmcufinder\plugins\mcufinder
2019-08-31 16:38:26,658 [INFO] CrossReferenceDbSqlite:197 - Set database path to: C:\Users\ryouma\.stmcufinder\plugins\mcufinder//mcu/cs/
2019-08-31 16:38:26,756 [INFO] MainPanel:211 - HeapMemory: 299892736
2019-08-31 16:38:26,917 [INFO] DbMcusXml:68 - Set database path to: C:\ST\STM32CubeIDE_1.0.0\STM32CubeIDE\plugins\com.st.stm32cube.common.mx_5.3.0.201907110903\\db\/mcu/
2019-08-31 16:38:26,917 [INFO] DbBoardsPdsc:54 - Set plugin database path to: C:\ST\STM32CubeIDE_1.0.0\STM32CubeIDE\plugins\com.st.stm32cube.common.mx_5.3.0.201907110903\\db\/plugins/boardmanager/
2019-08-31 16:38:26,917 [INFO] DbMcus:264 - Set plugin images path to: C:\ST\STM32CubeIDE_1.0.0\STM32CubeIDE\plugins\com.st.stm32cube.common.mx_5.3.0.201907110903\\db\/plugins/mcufinder/images/
2019-08-31 16:38:26,917 [INFO] DbBoards:232 - Set plugin images path to: C:\ST\STM32CubeIDE_1.0.0\STM32CubeIDE\plugins\com.st.stm32cube.common.mx_5.3.0.201907110903\\db\/plugins/mcufinder/images/
2019-08-31 16:38:26,917 [INFO] APIGFXSelector:72 - Set database path to: C:\ST\STM32CubeIDE_1.0.0\STM32CubeIDE\plugins\com.st.stm32cube.common.mx_5.3.0.201907110903\\db\/plugins/mcufinder/mcu/
2019-08-31 16:38:26,917 [WARN] DbFile:31 - Overriding database path with different value: C:\Users\ryouma\.stmcufinder\plugins\mcufinder/ => C:\Users\ryouma\.stmcufinder\plugins\mcufinder
2019-08-31 16:38:26,917 [INFO] DbMcusAds:72 - Set database path to: C:\Users\ryouma\.stmcufinder\plugins\mcufinder//mcu/
2019-08-31 16:38:26,917 [WARN] DbFile:31 - Overriding database path with different value: C:\Users\ryouma\.stmcufinder\plugins\mcufinder/ => C:\Users\ryouma\.stmcufinder\plugins\mcufinder
2019-08-31 16:38:26,917 [INFO] DbMcusDocs:92 - Set database path to: C:\Users\ryouma\.stmcufinder\plugins\mcufinder//mcu/
2019-08-31 16:38:26,917 [WARN] DbFile:31 - Overriding database path with different value: C:\Users\ryouma\.stmcufinder\plugins\mcufinder/ => C:\Users\ryouma\.stmcufinder\plugins\mcufinder
2019-08-31 16:38:26,917 [INFO] DbMcusJson:59 - Set database path to: C:\Users\ryouma\.stmcufinder\plugins\mcufinder//mcu/
2019-08-31 16:38:26,917 [WARN] DbFile:31 - Overriding database path with different value: C:\Users\ryouma\.stmcufinder\plugins\mcufinder/ => C:\Users\ryouma\.stmcufinder\plugins\mcufinder
2019-08-31 16:38:26,917 [INFO] DbBoardsDocs:84 - Set database path to: C:\Users\ryouma\.stmcufinder\plugins\mcufinder//mcu/
2019-08-31 16:38:26,917 [WARN] DbFile:31 - Overriding database path with different value: C:\Users\ryouma\.stmcufinder\plugins\mcufinder/ => C:\Users\ryouma\.stmcufinder\plugins\mcufinder
2019-08-31 16:38:26,917 [INFO] DbBoardsJson:51 - Set database path to: C:\Users\ryouma\.stmcufinder\plugins\mcufinder//mcu/
2019-08-31 16:38:26,917 [WARN] DbFile:31 - Overriding database path with different value: C:\Users\ryouma\.stmcufinder\plugins\mcufinder/ => C:\Users\ryouma\.stmcufinder\plugins\mcufinder
2019-08-31 16:38:26,917 [WARN] DbFile:31 - Overriding database path with different value: C:\Users\ryouma\.stmcufinder\plugins\mcufinder/ => C:\Users\ryouma\.stmcufinder\plugins\mcufinder
2019-08-31 16:38:26,917 [INFO] CrossReferenceDbSqlite:197 - Set database path to: C:\Users\ryouma\.stmcufinder\plugins\mcufinder//mcu/cs/
2019-08-31 16:38:26,948 [INFO] ApplicationProperties:181 - Using Application install path: C:\ST\STM32CubeIDE_1.0.0\STM32CubeIDE\plugins\com.st.stm32cube.common.mx_5.3.0.201907110903
2019-08-31 16:38:26,948 [INFO] PluginManage:178 - Search for loadable plugins [exclusion list=]
2019-08-31 16:38:26,948 [INFO] PluginManage:292 - Check plugin analytics
2019-08-31 16:38:26,979 [INFO] PluginManage:342 - Loaded plugin analytics (category:tool,tabindex:-1)
2019-08-31 16:38:26,979 [INFO] PluginManage:292 - Check plugin clock
2019-08-31 16:38:27,010 [INFO] PluginManage:342 - Loaded plugin clock (category:base,tabindex:2)
2019-08-31 16:38:27,010 [INFO] PluginManage:292 - Check plugin ddr
2019-08-31 16:38:27,010 [INFO] PluginManage:342 - Loaded plugin ddr (category:tool,tabindex:6)
2019-08-31 16:38:27,010 [INFO] PluginManage:292 - Check plugin filemanager
2019-08-31 16:38:27,151 [INFO] PluginManage:342 - Loaded plugin filemanager (category:base,tabindex:10)
2019-08-31 16:38:27,151 [INFO] PluginManage:292 - Check plugin ipmanager
2019-08-31 16:38:27,166 [INFO] PluginManage:342 - Loaded plugin ipmanager (category:base,tabindex:5)
2019-08-31 16:38:27,166 [INFO] PluginManage:292 - Check plugin pinoutandconfiguration
2019-08-31 16:38:27,526 [INFO] PluginManage:342 - Loaded plugin pinoutandconfiguration (category:base,tabindex:1)
2019-08-31 16:38:27,526 [INFO] PluginManage:292 - Check plugin pinoutconfig
2019-08-31 16:38:27,869 [INFO] PluginManage:342 - Loaded plugin pinoutconfig (category:base,tabindex:0)
2019-08-31 16:38:27,869 [INFO] PluginManage:292 - Check plugin power
2019-08-31 16:38:27,885 [INFO] PluginManage:342 - Loaded plugin power (category:power,tabindex:4)
2019-08-31 16:38:27,901 [INFO] PluginManage:292 - Check plugin projectmanager
2019-08-31 16:38:27,916 [INFO] PluginManage:342 - Loaded plugin projectmanager (category:projectmanager,tabindex:3)
2019-08-31 16:38:27,916 [INFO] PluginManage:292 - Check plugin thirdparty
2019-08-31 16:38:27,979 [INFO] ThirdPartyDb:294 - Open Third Party DataBase File (C:/Users/ryouma/.stm32cubemx/plugins/thirdparty/db/thirdparties_db.xml) : 31 ms. number of Sw pack : 16
2019-08-31 16:38:28,010 [ERROR] BinarySerializedPackPreferences:182 - ClassNotFoundException [Ljava.lang.StackTraceElement;@4bfaa7b
2019-08-31 16:38:28,010 [INFO] PluginManage:342 - Loaded plugin thirdparty (category:base,tabindex:-1)
2019-08-31 16:38:28,010 [INFO] PluginManage:292 - Check plugin tools
2019-08-31 16:38:28,041 [INFO] PluginManage:342 - Loaded plugin tools (category:base,tabindex:7)
2019-08-31 16:38:28,041 [INFO] PluginManage:292 - Check plugin updater
2019-08-31 16:38:28,057 [INFO] PluginManage:342 - Loaded plugin updater (category:base,tabindex:12)
2019-08-31 16:38:28,057 [INFO] PluginManage:265 - PluginManage : Loaded plugins [12]
2019-08-31 16:38:28,292 [INFO] PinOutPanel:1367 - setPackage(No Configuration,No Configuration)
2019-08-31 16:38:28,510 [INFO] IPUIPlugin:63 - create IPUIPlugin
2019-08-31 16:38:28,510 [INFO] PluginManager:200 - loadIPPluginJar : add adc
2019-08-31 16:38:28,557 [INFO] IPUIPlugin:63 - create IPUIPlugin
2019-08-31 16:38:28,557 [INFO] PluginManager:200 - loadIPPluginJar : add aes
2019-08-31 16:38:28,604 [INFO] IPUIPlugin:63 - create IPUIPlugin
2019-08-31 16:38:28,604 [INFO] PluginManager:200 - loadIPPluginJar : add can
2019-08-31 16:38:28,620 [INFO] IPUIPlugin:63 - create IPUIPlugin
2019-08-31 16:38:28,620 [INFO] PluginManager:200 - loadIPPluginJar : add comp
2019-08-31 16:38:28,651 [INFO] IPUIPlugin:63 - create IPUIPlugin
2019-08-31 16:38:28,651 [INFO] PluginManager:200 - loadIPPluginJar : add cryp
2019-08-31 16:38:28,682 [INFO] IPUIPlugin:63 - create IPUIPlugin
2019-08-31 16:38:28,682 [INFO] PluginManager:200 - loadIPPluginJar : add dfsdm
2019-08-31 16:38:28,795 [INFO] IPUIPlugin:63 - create IPUIPlugin
2019-08-31 16:38:28,795 [INFO] PluginManager:200 - loadIPPluginJar : add dma
2019-08-31 16:38:28,811 [INFO] IPUIPlugin:63 - create IPUIPlugin
2019-08-31 16:38:28,811 [INFO] PluginManager:200 - loadIPPluginJar : add fatfs
2019-08-31 16:38:28,894 [INFO] IPUIPlugin:63 - create IPUIPlugin
2019-08-31 16:38:28,894 [INFO] PluginManager:200 - loadIPPluginJar : add fmc
2019-08-31 16:38:29,315 [INFO] IPUIPlugin:63 - create IPUIPlugin
2019-08-31 16:38:29,315 [INFO] PluginManager:200 - loadIPPluginJar : add freertos
2019-08-31 16:38:29,331 [INFO] IPUIPlugin:63 - create IPUIPlugin
2019-08-31 16:38:29,331 [INFO] PluginManager:200 - loadIPPluginJar : add genericplugin
2019-08-31 16:38:29,456 [INFO] IPUIPlugin:63 - create IPUIPlugin
2019-08-31 16:38:29,456 [INFO] PluginManager:200 - loadIPPluginJar : add gfxmmu
2019-08-31 16:38:29,628 [INFO] IPUIPlugin:63 - create IPUIPlugin
2019-08-31 16:38:29,628 [INFO] PluginManager:200 - loadIPPluginJar : add gfxsimulator
2019-08-31 16:38:29,784 [INFO] IPUIPlugin:63 - create IPUIPlugin
2019-08-31 16:38:29,784 [INFO] PluginManager:200 - loadIPPluginJar : add gic
2019-08-31 16:38:29,925 [INFO] IPUIPlugin:63 - create IPUIPlugin
2019-08-31 16:38:29,925 [INFO] PluginManager:200 - loadIPPluginJar : add gpio
2019-08-31 16:38:29,956 [INFO] IPUIPlugin:63 - create IPUIPlugin
2019-08-31 16:38:29,956 [INFO] PluginManager:200 - loadIPPluginJar : add hash
2019-08-31 16:38:30,034 [INFO] IPUIPlugin:63 - create IPUIPlugin
2019-08-31 16:38:30,034 [INFO] PluginManager:200 - loadIPPluginJar : add i2c
2019-08-31 16:38:30,081 [INFO] IPUIPlugin:63 - create IPUIPlugin
2019-08-31 16:38:30,081 [INFO] PluginManager:200 - loadIPPluginJar : add i2s
2019-08-31 16:38:30,253 [INFO] IPUIPlugin:63 - create IPUIPlugin
2019-08-31 16:38:30,253 [INFO] PluginManager:200 - loadIPPluginJar : add ipddr
2019-08-31 16:38:30,300 [INFO] IPUIPlugin:63 - create IPUIPlugin
2019-08-31 16:38:30,300 [INFO] PluginManager:200 - loadIPPluginJar : add ltdc
2019-08-31 16:38:30,441 [INFO] IPUIPlugin:63 - create IPUIPlugin
2019-08-31 16:38:30,441 [INFO] PluginManager:200 - loadIPPluginJar : add mdma
2019-08-31 16:38:30,581 [INFO] IPUIPlugin:63 - create IPUIPlugin
2019-08-31 16:38:30,581 [INFO] PluginManager:200 - loadIPPluginJar : add nvic
2019-08-31 16:38:30,612 [INFO] IPUIPlugin:63 - create IPUIPlugin
2019-08-31 16:38:30,612 [INFO] PluginManager:200 - loadIPPluginJar : add opamp
2019-08-31 16:38:30,659 [INFO] IPUIPlugin:63 - create IPUIPlugin
2019-08-31 16:38:30,659 [INFO] PluginManager:200 - loadIPPluginJar : add pdm2pcm
2019-08-31 16:38:30,773 [INFO] IPUIPlugin:63 - create IPUIPlugin
2019-08-31 16:38:30,788 [INFO] PluginManager:200 - loadIPPluginJar : add plateformsettings
2019-08-31 16:38:30,804 [INFO] IPUIPlugin:63 - create IPUIPlugin
2019-08-31 16:38:30,804 [INFO] PluginManager:200 - loadIPPluginJar : add quadspi
2019-08-31 16:38:31,246 [INFO] IPUIPlugin:63 - create IPUIPlugin
2019-08-31 16:38:31,246 [INFO] PluginManager:200 - loadIPPluginJar : add resmgrutility
2019-08-31 16:38:31,324 [INFO] IPUIPlugin:63 - create IPUIPlugin
2019-08-31 16:38:31,324 [INFO] PluginManager:200 - loadIPPluginJar : add sai
2019-08-31 16:38:31,371 [INFO] IPUIPlugin:63 - create IPUIPlugin
2019-08-31 16:38:31,371 [INFO] PluginManager:200 - loadIPPluginJar : add spi
2019-08-31 16:38:31,402 [INFO] IPUIPlugin:63 - create IPUIPlugin
2019-08-31 16:38:31,418 [INFO] PluginManager:200 - loadIPPluginJar : add stm32_wpan
2019-08-31 16:38:31,433 [INFO] IPUIPlugin:63 - create IPUIPlugin
2019-08-31 16:38:31,433 [INFO] PluginManager:200 - loadIPPluginJar : add tim
2019-08-31 16:38:31,543 [INFO] IPUIPlugin:63 - create IPUIPlugin
2019-08-31 16:38:31,543 [INFO] PluginManager:200 - loadIPPluginJar : add touchsensing
2019-08-31 16:38:31,558 [INFO] IPUIPlugin:63 - create IPUIPlugin
2019-08-31 16:38:31,558 [INFO] PluginManager:200 - loadIPPluginJar : add tracer_emb
2019-08-31 16:38:31,589 [INFO] IPUIPlugin:63 - create IPUIPlugin
2019-08-31 16:38:31,589 [INFO] PluginManager:200 - loadIPPluginJar : add ts
2019-08-31 16:38:31,605 [INFO] IPUIPlugin:63 - create IPUIPlugin
2019-08-31 16:38:31,605 [INFO] PluginManager:200 - loadIPPluginJar : add tsc
2019-08-31 16:38:31,621 [INFO] IPUIPlugin:63 - create IPUIPlugin
2019-08-31 16:38:31,621 [INFO] PluginManager:200 - loadIPPluginJar : add ucpd
2019-08-31 16:38:31,668 [INFO] IPUIPlugin:63 - create IPUIPlugin
2019-08-31 16:38:31,668 [INFO] PluginManager:200 - loadIPPluginJar : add usart
2019-08-31 16:38:32,199 [INFO] BoardConnectionPanel:217 - [DDR PANEL] osNameString: Windows
2019-08-31 16:38:32,696 [FATAL] Updater:277 - Updater called before beeing initialized
2019-08-31 16:38:33,237 [FATAL] Updater:277 - Updater called before beeing initialized
2019-08-31 16:38:33,253 [INFO] PinOutPanel:1367 - setPackage(No Configuration,No Configuration)
2019-08-31 16:38:33,253 [FATAL] Updater:277 - Updater called before beeing initialized
2019-08-31 16:38:33,253 [INFO] MainDdrPanel:82 - [DDR PANEL] SETTER - Set cubeProgrammerPath to: C:\ST\STM32CubeIDE_1.0.0\STM32CubeIDE\plugins\com.st.stm32cube.ide.mcu.externaltools.cubeprogrammer.win32_1.0.0.201904021149\tools\bin
2019-08-31 16:38:33,316 [INFO] Updater:860 - Updater Version found : 5.3.0
2019-08-31 16:38:33,331 [INFO] ApplicationProperties:181 - Using Application install path: C:\ST\STM32CubeIDE_1.0.0\STM32CubeIDE\plugins\com.st.stm32cube.common.mx_5.3.0.201907110903
2019-08-31 16:38:33,409 [INFO] MainUpdater:445 - Copy updater definitions from MX database
2019-08-31 16:38:33,628 [INFO] MainUpdater:2040 - connection check result : 10
2019-08-31 16:38:33,628 [INFO] MainUpdater:2607 - Updater definition file requires update
2019-08-31 16:38:33,628 [INFO] MainUpdater:229 - Updater Check For Update Now.
2019-08-31 16:38:33,628 [INFO] MicroXplorer:401 - Change Database Version : DB.5.0.30
2019-08-31 16:38:33,659 [INFO] ServerAccessManage:347 - Download File updaters.zip
2019-08-31 16:38:33,706 [INFO] FileExtend:191 - Unzip File : updaters.zip
2019-08-31 16:38:33,722 [INFO] FileExtend:206 - Standard Zip Deflate
2019-08-31 16:38:34,003 [WARN] MainUpdater:1068 - Updater busy. Cannot search thirdparties
2019-08-31 16:38:34,363 [INFO] FileExtend:191 - Unzip File : updaters.zip
2019-08-31 16:38:34,363 [INFO] FileExtend:206 - Standard Zip Deflate
2019-08-31 16:38:35,039 [INFO] ServerAccessManage:347 - Download File PacksControlFlags.xml
2019-08-31 16:38:35,076 [INFO] ServerAccessManage:347 - Download File cubemx.pidx
2019-08-31 16:38:35,205 [INFO] LoadServerUpdatesThread:272 - End of LoadServerUpdate Thread
2019-08-31 16:38:35,240 [INFO] CheckServerUpdateThread:121 - End of CheckServer Thread
2019-08-31 16:38:35,272 [INFO] MainUpdater:2040 - connection check result : 10
2019-08-31 16:38:35,274 [INFO] LogOutputStream:76 - [STDOUT_REDIRECT] Successfull proxy connection.
2019-08-31 16:38:35,536 [INFO] MicroXplorer:371 - Change Database Path : 
2019-08-31 16:38:35,537 [INFO] MicroXplorer:401 - Change Database Version : DB.5.0.30
2019-08-31 16:38:35,540 [INFO] PinOutPanel:1367 - setPackage(No Configuration,No Configuration)
2019-08-31 16:38:35,541 [INFO] UtilMem:74 - Begin LoadConfig() Used Memory: 337913256 Bytes (621805568)
2019-08-31 16:38:37,118 [INFO] ThirdPartyDb:264 - Close Third Party DataBase File (C:/Users/ryouma/.stm32cubemx/plugins/thirdparty/db/thirdparties_db.xml)
2019-08-31 16:38:37,180 [INFO] ThirdPartyDb:294 - Open Third Party DataBase File (C:/Users/ryouma/.stm32cubemx/plugins/thirdparty/db/thirdparties_db.xml) : 16 ms. number of Sw pack : 16
2019-08-31 16:38:37,180 [INFO] ThirdPartyDb:264 - Close Third Party DataBase File (C:/Users/ryouma/.stm32cubemx/plugins/thirdparty/db/thirdparties_db.xml)
2019-08-31 16:38:37,211 [INFO] IntegrityCheckThread:97 - End integrity checks thread
2019-08-31 16:38:38,469 [INFO] MicroXplorer:371 - Change Database Path : 
2019-08-31 16:38:38,469 [INFO] MicroXplorer:401 - Change Database Version : DB.5.0.30
2019-08-31 16:38:38,469 [INFO] OpenFileManager:269 - Change cursor
2019-08-31 16:38:42,298 [INFO] Rule:205 - rule SPDIFRX instance for mcu is applicable
2019-08-31 16:38:42,298 [INFO] Rule:205 - rule Rename Tracer Mode is applicable
2019-08-31 16:38:42,298 [INFO] Rule:205 - rule SPDIFRX instance value for IP SPDIFRX is applicable
2019-08-31 16:38:42,298 [INFO] Rule:205 - rule SPDIFRX instance for signal is applicable
2019-08-31 16:38:42,298 [INFO] Rule:205 - rule SPDIFRX instance for project manager is applicable
2019-08-31 16:38:42,298 [INFO] Rule:205 - rule SPDIFRX instance for project manager is applicable
2019-08-31 16:38:42,298 [INFO] Rule:205 - rule ADC Scan  fix with FW F7 is applicable
2019-08-31 16:38:42,298 [INFO] Rule:205 - rule ADC Scan  fix with FW F7 is applicable
2019-08-31 16:38:42,313 [INFO] Rule:205 - rule Rename AES DataEncryptionTypesList to Algorithm is applicable
2019-08-31 16:38:42,313 [INFO] Rule:205 - rule Rename TDESECB to CRYP_TDES_ECB is applicable
2019-08-31 16:38:42,313 [INFO] Rule:205 - rule Rename TDESCBC to CRYP_TDES_CBC is applicable
2019-08-31 16:38:42,313 [INFO] Rule:205 - rule Rename DESECB to CRYP_DES_ECB is applicable
2019-08-31 16:38:42,313 [INFO] Rule:205 - rule Rename DESCBC to CRYP_DES_CBC is applicable
2019-08-31 16:38:42,313 [INFO] Rule:205 - rule Rename AESECB to CRYP_AES_ECB is applicable
2019-08-31 16:38:42,313 [INFO] Rule:205 - rule Rename AESCBC to CRYP_AES_CBC is applicable
2019-08-31 16:38:42,313 [INFO] Rule:205 - rule Rename AESCTR to CRYP_AES_CTR is applicable
2019-08-31 16:38:42,313 [INFO] Rule:205 - rule Rename AESGCM to CRYP_AES_GCM is applicable
2019-08-31 16:38:42,313 [INFO] Rule:205 - rule Rename AESCCM to CRYP_AES_CCM is applicable
2019-08-31 16:38:42,313 [INFO] Rule:205 - rule USART TxPinLevelInvertParam Mode is applicable
2019-08-31 16:38:42,313 [INFO] Rule:205 - rule USART RxPinLevelInvertParam Mode is applicable
2019-08-31 16:38:42,313 [INFO] Rule:205 - rule USART DataInvertParam Mode is applicable
2019-08-31 16:38:42,313 [INFO] Rule:205 - rule USART SwapParam Mode is applicable
2019-08-31 16:38:42,313 [INFO] Rule:205 - rule USART OverrunDisableParam Mode is applicable
2019-08-31 16:38:42,313 [INFO] Rule:205 - rule USART DMADisableonRxErrorParam Mode is applicable
2019-08-31 16:38:42,313 [INFO] Rule:205 - rule USART MSBFirstParam Mode is applicable
2019-08-31 16:38:42,313 [INFO] Rule:205 - rule Update MwName for USB_DEVICE is applicable
2019-08-31 16:38:42,313 [INFO] Rule:205 - rule Change PWR_Regulator_Voltage_Scale Default Value for RCC  H7 family is applicable
2019-08-31 16:38:42,313 [INFO] Rule:205 - rule UART/USART IPParameter rename Prescaler parameter to ClockPrescaler is applicable
2019-08-31 16:38:42,313 [INFO] Rule:205 - rule UART/USART Prescaler rename Prescaler parameter to ClockPrescaler is applicable
2019-08-31 16:38:42,313 [INFO] Rule:205 - rule TIM1CLockSelection is applicable
2019-08-31 16:38:42,313 [INFO] Rule:205 - rule TIM15CLockSelection is applicable
2019-08-31 16:38:42,329 [INFO] DbConfProperties:222 - Apply Compatibility (17/31 Rules)
2019-08-31 16:38:42,454 [INFO] ImportTextPane:162 - (OptionalMessage_ERROR) IP (RCC) : Parameter (48MHZClocksFreq_Value) has invalid value (84000000)
2019-08-31 16:38:42,454 [INFO] ImportTextPane:162 - (OptionalMessage_ERROR) IP (RCC) : Invalid parameter (FamilyName)
2019-08-31 16:38:42,454 [INFO] ImportTextPane:162 - (OptionalMessage_ERROR) IP (RCC) : Parameter (MCO2PinFreq_Value) has invalid value (168000000)
2019-08-31 16:38:42,454 [INFO] ImportTextPane:162 - (OptionalMessage_ERROR) IP (RCC) : Parameter (RTCHSEDivFreq_Value) has invalid value (6000000)
2019-08-31 16:38:42,978 [INFO] UtilMem:74 - End LoadConfig() Used Memory: 463229208 Bytes (634388480)
2019-08-31 16:38:43,009 [INFO] ThirdPartyDb:294 - Open Third Party DataBase File (C:/Users/ryouma/.stm32cubemx/plugins/thirdparty/db/thirdparties_db.xml) : 16 ms. number of Sw pack : 16
2019-08-31 16:38:43,134 [INFO] ThirdParty:912 - CMSIS Pack Vendor :STMicroelectronics BlueNRG-MS 1.0.0
2019-08-31 16:38:43,134 [INFO] ThirdParty:912 - CMSIS Pack Vendor :STMicroelectronics X-CUBE-BLE1 1.1.0
2019-08-31 16:38:43,134 [INFO] ThirdParty:912 - CMSIS Pack Vendor :STMicroelectronics X-CUBE-MEMS1 5.1.0
2019-08-31 16:38:43,134 [INFO] ThirdParty:912 - CMSIS Pack Vendor :STMicroelectronics X-CUBE-BLE1 4.2.0
2019-08-31 16:38:43,134 [INFO] ThirdParty:912 - CMSIS Pack Vendor :STMicroelectronics X-CUBE-MEMS1 5.2.1
2019-08-31 16:38:43,134 [INFO] ThirdParty:912 - CMSIS Pack Vendor :STMicroelectronics X-CUBE-AI 3.3.0
2019-08-31 16:38:43,134 [INFO] ThirdParty:912 - CMSIS Pack Vendor :STMicroelectronics X-CUBE-BLE1 4.3.0
2019-08-31 16:38:43,134 [INFO] ThirdParty:912 - CMSIS Pack Vendor :STMicroelectronics X-CUBE-MEMS1 6.0.1
2019-08-31 16:38:43,134 [INFO] ThirdParty:912 - CMSIS Pack Vendor :STMicroelectronics X-CUBE-NFC4 1.3.0
2019-08-31 16:38:43,134 [INFO] ThirdParty:912 - CMSIS Pack Vendor :STMicroelectronics X-CUBE-AI 3.4.0
2019-08-31 16:38:43,134 [INFO] ThirdParty:912 - CMSIS Pack Vendor :STMicroelectronics X-CUBE-BLE1 4.4.0
2019-08-31 16:38:43,134 [INFO] ThirdParty:912 - CMSIS Pack Vendor :STMicroelectronics X-CUBE-MEMS1 6.1.0
2019-08-31 16:38:43,134 [INFO] ThirdParty:912 - CMSIS Pack Vendor :STMicroelectronics X-CUBE-NFC4 1.4.0
2019-08-31 16:38:43,134 [INFO] ThirdParty:912 - CMSIS Pack Vendor :STMicroelectronics X-CUBE-GNSS1 3.0.0
2019-08-31 16:38:43,134 [INFO] ThirdParty:912 - CMSIS Pack Vendor :STMicroelectronics X-CUBE-MEMS1 6.2.0
2019-08-31 16:38:43,134 [INFO] ThirdParty:912 - CMSIS Pack Vendor :STMicroelectronics X-CUBE-AI 4.0.0
2019-08-31 16:38:43,681 [INFO] PinOutPanel:1367 - setPackage(No Configuration,No Configuration)
2019-08-31 16:38:43,681 [INFO] PinOutPanel:1367 - setPackage(STM32F427IIHx,UFBGA176)
2019-08-31 16:38:44,484 [INFO] UtilMem:74 - Before build in PCC Used Memory: 285853768 Bytes (634388480)
2019-08-31 16:38:44,915 [INFO] SharedServices:71 - Folder for power plug-in: C:/Users/ryouma/.stm32cubemx/plugins/power
2019-08-31 16:38:44,915 [INFO] UtilMem:74 - After build in PCC Used Memory: 301056080 Bytes (634388480)
2019-08-31 16:38:44,930 [INFO] BlockDiagram:1818 - stop enableDisableButtons
2019-08-31 16:38:44,930 [INFO] IPUIPlugin:63 - create IPUIPlugin
2019-08-31 16:38:44,930 [INFO] IPUIPlugin:63 - create IPUIPlugin
2019-08-31 16:38:44,930 [INFO] IPUIPlugin:63 - create IPUIPlugin
2019-08-31 16:38:44,930 [INFO] IPUIPlugin:63 - create IPUIPlugin
2019-08-31 16:38:44,930 [INFO] IPUIPlugin:63 - create IPUIPlugin
2019-08-31 16:38:44,930 [INFO] IPUIPlugin:63 - create IPUIPlugin
2019-08-31 16:38:44,930 [INFO] IPUIPlugin:63 - create IPUIPlugin
2019-08-31 16:38:44,930 [INFO] IPUIPlugin:63 - create IPUIPlugin
2019-08-31 16:38:44,930 [INFO] IPUIPlugin:63 - create IPUIPlugin
2019-08-31 16:38:44,930 [INFO] IPUIPlugin:63 - create IPUIPlugin
2019-08-31 16:38:44,930 [INFO] IPUIPlugin:63 - create IPUIPlugin
2019-08-31 16:38:44,930 [INFO] IPUIPlugin:63 - create IPUIPlugin
2019-08-31 16:38:44,930 [INFO] IPUIPlugin:63 - create IPUIPlugin
2019-08-31 16:38:44,930 [INFO] IPUIPlugin:63 - create IPUIPlugin
2019-08-31 16:38:44,930 [INFO] IPUIPlugin:63 - create IPUIPlugin
2019-08-31 16:38:44,930 [INFO] IPUIPlugin:63 - create IPUIPlugin
2019-08-31 16:38:44,930 [INFO] IPUIPlugin:63 - create IPUIPlugin
2019-08-31 16:38:44,930 [INFO] IPUIPlugin:63 - create IPUIPlugin
2019-08-31 16:38:44,930 [INFO] IPUIPlugin:63 - create IPUIPlugin
2019-08-31 16:38:44,930 [INFO] IPUIPlugin:63 - create IPUIPlugin
2019-08-31 16:38:44,930 [INFO] IPUIPlugin:63 - create IPUIPlugin
2019-08-31 16:38:44,930 [INFO] IPUIPlugin:63 - create IPUIPlugin
2019-08-31 16:38:44,930 [INFO] IPUIPlugin:63 - create IPUIPlugin
2019-08-31 16:38:44,930 [INFO] IPUIPlugin:63 - create IPUIPlugin
2019-08-31 16:38:44,930 [INFO] IPUIPlugin:63 - create IPUIPlugin
2019-08-31 16:38:44,930 [INFO] IPUIPlugin:63 - create IPUIPlugin
2019-08-31 16:38:44,930 [INFO] IPUIPlugin:63 - create IPUIPlugin
2019-08-31 16:38:44,930 [INFO] IPUIPlugin:63 - create IPUIPlugin
2019-08-31 16:38:44,946 [INFO] IPUIPlugin:63 - create IPUIPlugin
2019-08-31 16:38:44,946 [INFO] IPUIPlugin:63 - create IPUIPlugin
2019-08-31 16:38:44,946 [INFO] IPUIPlugin:63 - create IPUIPlugin
2019-08-31 16:38:44,946 [INFO] IPUIPlugin:63 - create IPUIPlugin
2019-08-31 16:38:44,946 [INFO] IPUIPlugin:63 - create IPUIPlugin
2019-08-31 16:38:44,946 [INFO] IPUIPlugin:63 - create IPUIPlugin
2019-08-31 16:38:44,946 [INFO] IPUIPlugin:63 - create IPUIPlugin
2019-08-31 16:38:44,946 [INFO] IPUIPlugin:63 - create IPUIPlugin
2019-08-31 16:38:44,946 [INFO] IPUIPlugin:63 - create IPUIPlugin
2019-08-31 16:38:44,946 [INFO] IPUIPlugin:63 - create IPUIPlugin
2019-08-31 16:38:44,946 [INFO] IPUIPlugin:63 - create IPUIPlugin
2019-08-31 16:38:44,946 [INFO] IPUIPlugin:63 - create IPUIPlugin
2019-08-31 16:38:44,946 [INFO] IPUIPlugin:63 - create IPUIPlugin
2019-08-31 16:38:44,946 [INFO] IPUIPlugin:63 - create IPUIPlugin
2019-08-31 16:38:44,946 [INFO] IPUIPlugin:63 - create IPUIPlugin
2019-08-31 16:38:44,946 [INFO] IPUIPlugin:63 - create IPUIPlugin
2019-08-31 16:38:44,946 [INFO] IPUIPlugin:63 - create IPUIPlugin
2019-08-31 16:38:44,946 [INFO] IPUIPlugin:63 - create IPUIPlugin
2019-08-31 16:38:44,946 [INFO] IPUIPlugin:63 - create IPUIPlugin
2019-08-31 16:38:44,946 [INFO] IPUIPlugin:63 - create IPUIPlugin
2019-08-31 16:38:44,946 [INFO] IPUIPlugin:63 - create IPUIPlugin
2019-08-31 16:38:44,946 [INFO] IPUIPlugin:63 - create IPUIPlugin
2019-08-31 16:38:44,946 [INFO] IPUIPlugin:63 - create IPUIPlugin
2019-08-31 16:38:44,946 [INFO] IPUIPlugin:63 - create IPUIPlugin
2019-08-31 16:38:44,946 [INFO] IPUIPlugin:63 - create IPUIPlugin
2019-08-31 16:38:44,946 [INFO] IPUIPlugin:63 - create IPUIPlugin
2019-08-31 16:38:44,946 [INFO] IPUIPlugin:63 - create IPUIPlugin
2019-08-31 16:38:44,946 [INFO] IPUIPlugin:63 - create IPUIPlugin
2019-08-31 16:38:44,946 [INFO] IPUIPlugin:63 - create IPUIPlugin
2019-08-31 16:38:44,946 [INFO] IPUIPlugin:63 - create IPUIPlugin
2019-08-31 16:38:44,946 [INFO] IPUIPlugin:63 - create IPUIPlugin
2019-08-31 16:38:44,946 [INFO] IPUIPlugin:63 - create IPUIPlugin
2019-08-31 16:38:44,946 [INFO] IPUIPlugin:63 - create IPUIPlugin
2019-08-31 16:38:44,946 [INFO] IPUIPlugin:63 - create IPUIPlugin
2019-08-31 16:38:44,946 [INFO] IPUIPlugin:63 - create IPUIPlugin
2019-08-31 16:38:44,946 [INFO] IPUIPlugin:63 - create IPUIPlugin
2019-08-31 16:38:44,946 [INFO] IPUIPlugin:63 - create IPUIPlugin
2019-08-31 16:38:44,946 [INFO] IPUIPlugin:63 - create IPUIPlugin
2019-08-31 16:38:44,962 [INFO] Can:56 - Can Add PropertyChangeListener com.st.microxplorer.plugins.ip.can.Can@3b20ac8a
2019-08-31 16:38:44,962 [INFO] Can:56 - Can Add PropertyChangeListener com.st.microxplorer.plugins.ip.can.Can@56a2c266
2019-08-31 16:38:44,977 [INFO] BlockDiagram:1818 - stop enableDisableButtons
2019-08-31 16:38:44,993 [INFO] LogOutputStream:76 - [STDOUT_REDIRECT] toolchainItems.length=====1
2019-08-31 16:38:44,993 [INFO] LogOutputStream:76 - [STDOUT_REDIRECT] method name===============isUnderRootDefaultMode
2019-08-31 16:38:44,993 [INFO] LogOutputStream:76 - [STDOUT_REDIRECT] method name===============isRootSelectionSupported
2019-08-31 16:38:45,102 [INFO] LogOutputStream:76 - [STDOUT_REDIRECT] method name===============isUnderRootDefaultMode
2019-08-31 16:38:45,102 [INFO] LogOutputStream:76 - [STDOUT_REDIRECT] method name===============isUnderRootDefaultMode
2019-08-31 16:38:45,102 [INFO] LogOutputStream:76 - [STDOUT_REDIRECT] method name===============isUnderRootDefaultMode
2019-08-31 16:38:45,102 [INFO] LogOutputStream:76 - [STDOUT_REDIRECT] method name===============isRootSelectionSupported
2019-08-31 16:38:45,102 [INFO] LogOutputStream:76 - [STDOUT_REDIRECT] method name===============isRootSelectionSupported
2019-08-31 16:38:45,118 [INFO] LogOutputStream:76 - [STDOUT_REDIRECT] method name===============isUnderRootDefaultMode
2019-08-31 16:38:45,149 [INFO] OpenFileManager:289 - Restore cursor
2019-08-31 16:38:45,149 [INFO] DbMcusXml:106 - Load MCU database from C:\ST\STM32CubeIDE_1.0.0\STM32CubeIDE\plugins\com.st.stm32cube.common.mx_5.3.0.201907110903\\db\/mcu/families.xml
2019-08-31 16:38:45,149 [INFO] LogOutputStream:76 - [STDOUT_REDIRECT] method name===============isUnderRootDefaultMode
2019-08-31 16:38:45,165 [INFO] LogOutputStream:76 - [STDOUT_REDIRECT] method name===============isUnderRootDefaultMode
2019-08-31 16:38:45,165 [INFO] LogOutputStream:76 - [STDOUT_REDIRECT] method name===============isUnderRootDefaultMode
2019-08-31 16:38:45,165 [INFO] LogOutputStream:76 - [STDOUT_REDIRECT] method name===============isRootSelectionSupported
2019-08-31 16:38:45,165 [INFO] LogOutputStream:76 - [STDOUT_REDIRECT] method name===============isRootSelectionSupported
2019-08-31 16:38:45,165 [INFO] LogOutputStream:76 - [STDOUT_REDIRECT] method name===============isUnderRootDefaultMode
2019-08-31 16:38:45,384 [INFO] BlockDiagram:1818 - stop enableDisableButtons
2019-08-31 16:38:45,399 [INFO] LogOutputStream:76 - [STDOUT_REDIRECT] method name===============isUnderRootDefaultMode
2019-08-31 16:38:45,415 [INFO] LogOutputStream:76 - [STDOUT_REDIRECT] method name===============isUnderRootDefaultMode
2019-08-31 16:38:45,415 [INFO] LogOutputStream:76 - [STDOUT_REDIRECT] method name===============isUnderRootDefaultMode
2019-08-31 16:38:45,415 [INFO] LogOutputStream:76 - [STDOUT_REDIRECT] method name===============isRootSelectionSupported
2019-08-31 16:38:45,415 [INFO] LogOutputStream:76 - [STDOUT_REDIRECT] method name===============isRootSelectionSupported
2019-08-31 16:38:45,415 [INFO] LogOutputStream:76 - [STDOUT_REDIRECT] method name===============isUnderRootDefaultMode
2019-08-31 16:38:45,508 [INFO] BlockDiagram:1818 - stop enableDisableButtons
2019-08-31 16:38:46,571 [INFO] DbMcusJson:87 - JSON generation date=Fri Jul 19 19:04:23 JST 2019 (1563530663)
2019-08-31 16:38:48,163 [INFO] DbMcus:193 - Found 1496 MCUs (1455 are supported by CubeMX, 1455 are visible in CubeMX)
2019-08-31 16:38:48,163 [INFO] ApiDb:158 - Load user favorites file C:\Users\ryouma/.stm32cubemx/favorites.mcus.txt: 0 item(s)
2019-08-31 16:38:48,163 [INFO] ApiDb:163 - User favorites MCUs=[]
2019-08-31 16:38:48,163 [INFO] DbMcus:205 - Set 0 / 0 favorites MCUs
2019-08-31 16:38:50,531 [INFO] LogOutputStream:76 - [STDOUT_REDIRECT] Tab changed to: Project Manager
2019-08-31 16:38:54,332 [INFO] LogOutputStream:76 - [STDOUT_REDIRECT] Tab changed to: Clock Configuration
2019-08-31 16:38:57,117 [INFO] LogOutputStream:76 - [STDOUT_REDIRECT] Tab changed to: Pinout & Configuration
2019-08-31 16:39:03,340 [INFO] UtilMem:74 - End SaveConfig() Used Memory: 479744432 Bytes (721420288)
2019-08-31 16:39:03,356 [INFO] LogOutputStream:76 - [STDOUT_REDIRECT] method name===============isUnderRootDefaultMode
2019-08-31 16:39:03,371 [INFO] LogOutputStream:76 - [STDOUT_REDIRECT] method name===============isUnderRootDefaultMode
2019-08-31 16:39:03,371 [INFO] LogOutputStream:76 - [STDOUT_REDIRECT] method name===============isUnderRootDefaultMode
2019-08-31 16:39:03,371 [INFO] LogOutputStream:76 - [STDOUT_REDIRECT] method name===============isRootSelectionSupported
2019-08-31 16:39:03,371 [INFO] LogOutputStream:76 - [STDOUT_REDIRECT] method name===============isRootSelectionSupported
2019-08-31 16:39:03,371 [INFO] LogOutputStream:76 - [STDOUT_REDIRECT] method name===============isUnderRootDefaultMode
2019-08-31 16:39:04,778 [INFO] UtilMem:74 - End SaveConfig() Used Memory: 492327344 Bytes (721420288)
2019-08-31 16:39:04,778 [INFO] LogOutputStream:76 - [STDOUT_REDIRECT] method name===============isUnderRootDefaultMode
2019-08-31 16:39:04,778 [INFO] LogOutputStream:76 - [STDOUT_REDIRECT] method name===============isUnderRootDefaultMode
2019-08-31 16:39:04,778 [INFO] LogOutputStream:76 - [STDOUT_REDIRECT] method name===============isUnderRootDefaultMode
2019-08-31 16:39:04,778 [INFO] LogOutputStream:76 - [STDOUT_REDIRECT] method name===============isRootSelectionSupported
2019-08-31 16:39:04,793 [INFO] LogOutputStream:76 - [STDOUT_REDIRECT] method name===============isRootSelectionSupported
2019-08-31 16:39:04,793 [INFO] LogOutputStream:76 - [STDOUT_REDIRECT] method name===============isUnderRootDefaultMode
2019-08-31 16:39:05,539 [INFO] BlockDiagram:1862 - set Specific Code input for plugin: SPI
2019-08-31 16:39:05,539 [INFO] BlockDiagram:1862 - set Specific Code input for plugin: TIM6_7
2019-08-31 16:39:05,539 [INFO] BlockDiagram:1862 - set Specific Code input for plugin: CAN
2019-08-31 16:39:05,539 [INFO] BlockDiagram:1862 - set Specific Code input for plugin: CAN
2019-08-31 16:39:05,539 [INFO] BlockDiagram:1862 - set Specific Code input for plugin: TIM1_8
2019-08-31 16:39:05,539 [INFO] BlockDiagram:1862 - set Specific Code input for plugin: SYS
2019-08-31 16:39:05,539 [INFO] BlockDiagram:1862 - set Specific Code input for plugin: RCC
2019-08-31 16:39:05,539 [INFO] BlockDiagram:1862 - set Specific Code input for plugin: NVIC
2019-08-31 16:39:05,539 [INFO] BlockDiagram:1862 - set Specific Code input for plugin: USART
2019-08-31 16:39:05,539 [INFO] BlockDiagram:1862 - set Specific Code input for plugin: USART
2019-08-31 16:39:05,539 [INFO] BlockDiagram:1862 - set Specific Code input for plugin: TIM1_8
2019-08-31 16:39:05,539 [INFO] BlockDiagram:1862 - set Specific Code input for plugin: UART
2019-08-31 16:39:05,539 [INFO] BlockDiagram:1862 - set Specific Code input for plugin: UART
2019-08-31 16:39:05,539 [INFO] CodeGenerator:583 - code generatio: config db path: C:\ST\STM32CubeIDE_1.0.0\STM32CubeIDE\plugins\com.st.stm32cube.common.mx_5.3.0.201907110903\\db\
2019-08-31 16:39:05,960 [INFO] CodeEngine:190 - oldGeneratedFile, C:\Users\ryouma\Documents\GitHub\RoboMaster_Salamander_okadatech\rm_summer\rm_summer\MXTmpFiles\license.tmp_save
2019-08-31 16:39:06,570 [INFO] CodeEngine:208 - Generated code: C:\Users\ryouma\Documents\GitHub\RoboMaster_Salamander_okadatech\rm_summer\rm_summer\MXTmpFiles\license.tmp
2019-08-31 16:39:06,866 [INFO] CodeEngine:190 - oldGeneratedFile, C:\Users\ryouma\Documents\GitHub\RoboMaster_Salamander_okadatech\rm_summer\rm_summer\Src\gpio.c_save
2019-08-31 16:39:07,136 [INFO] CodeEngine:208 - Generated code: C:\Users\ryouma\Documents\GitHub\RoboMaster_Salamander_okadatech\rm_summer\rm_summer\Src\gpio.c
2019-08-31 16:39:07,198 [INFO] CodeEngine:190 - oldGeneratedFile, C:\Users\ryouma\Documents\GitHub\RoboMaster_Salamander_okadatech\rm_summer\rm_summer\Inc\gpio.h_save
2019-08-31 16:39:07,355 [INFO] CodeEngine:208 - Generated code: C:\Users\ryouma\Documents\GitHub\RoboMaster_Salamander_okadatech\rm_summer\rm_summer\Inc\gpio.h
2019-08-31 16:39:08,249 [INFO] LogOutputStream:76 - [STDOUT_REDIRECT] Command line
2019-08-31 16:39:08,249 [INFO] LogOutputStream:76 - [STDOUT_REDIRECT] Debug : prepare data for CAN
2019-08-31 16:39:08,249 [INFO] LogOutputStream:76 - [STDOUT_REDIRECT] Command line test
2019-08-31 16:39:08,311 [INFO] CodeEngine:190 - oldGeneratedFile, C:\Users\ryouma\Documents\GitHub\RoboMaster_Salamander_okadatech\rm_summer\rm_summer\Src\can.c_save
2019-08-31 16:39:08,655 [INFO] CodeEngine:208 - Generated code: C:\Users\ryouma\Documents\GitHub\RoboMaster_Salamander_okadatech\rm_summer\rm_summer\Src\can.c
2019-08-31 16:39:08,702 [INFO] CodeEngine:190 - oldGeneratedFile, C:\Users\ryouma\Documents\GitHub\RoboMaster_Salamander_okadatech\rm_summer\rm_summer\Inc\can.h_save
2019-08-31 16:39:08,909 [INFO] CodeEngine:208 - Generated code: C:\Users\ryouma\Documents\GitHub\RoboMaster_Salamander_okadatech\rm_summer\rm_summer\Inc\can.h
2019-08-31 16:39:08,909 [INFO] LogOutputStream:76 - [STDOUT_REDIRECT] Command line
2019-08-31 16:39:08,925 [INFO] LogOutputStream:76 - [STDOUT_REDIRECT] Debug : prepare data for SPI
2019-08-31 16:39:08,925 [INFO] LogOutputStream:76 - [STDOUT_REDIRECT] Command line test
2019-08-31 16:39:09,007 [INFO] CodeEngine:190 - oldGeneratedFile, C:\Users\ryouma\Documents\GitHub\RoboMaster_Salamander_okadatech\rm_summer\rm_summer\Src\spi.c_save
2019-08-31 16:39:09,257 [INFO] CodeEngine:208 - Generated code: C:\Users\ryouma\Documents\GitHub\RoboMaster_Salamander_okadatech\rm_summer\rm_summer\Src\spi.c
2019-08-31 16:39:09,335 [INFO] CodeEngine:190 - oldGeneratedFile, C:\Users\ryouma\Documents\GitHub\RoboMaster_Salamander_okadatech\rm_summer\rm_summer\Inc\spi.h_save
2019-08-31 16:39:09,570 [INFO] CodeEngine:208 - Generated code: C:\Users\ryouma\Documents\GitHub\RoboMaster_Salamander_okadatech\rm_summer\rm_summer\Inc\spi.h
2019-08-31 16:39:09,570 [INFO] LogOutputStream:76 - [STDOUT_REDIRECT] Command line
2019-08-31 16:39:09,585 [INFO] LogOutputStream:76 - [STDOUT_REDIRECT] Debug : prepare data for SYS
2019-08-31 16:39:09,585 [INFO] LogOutputStream:76 - [STDOUT_REDIRECT] Command line test
2019-08-31 16:39:09,585 [INFO] LogOutputStream:76 - [STDOUT_REDIRECT] Command line
2019-08-31 16:39:09,585 [INFO] LogOutputStream:76 - [STDOUT_REDIRECT] Debug : prepare data for TIM
2019-08-31 16:39:09,585 [INFO] LogOutputStream:76 - [STDOUT_REDIRECT] Command line test
2019-08-31 16:39:09,632 [INFO] CodeEngine:190 - oldGeneratedFile, C:\Users\ryouma\Documents\GitHub\RoboMaster_Salamander_okadatech\rm_summer\rm_summer\Src\tim.c_save
2019-08-31 16:39:10,023 [INFO] CodeEngine:208 - Generated code: C:\Users\ryouma\Documents\GitHub\RoboMaster_Salamander_okadatech\rm_summer\rm_summer\Src\tim.c
2019-08-31 16:39:10,148 [INFO] CodeEngine:190 - oldGeneratedFile, C:\Users\ryouma\Documents\GitHub\RoboMaster_Salamander_okadatech\rm_summer\rm_summer\Inc\tim.h_save
2019-08-31 16:39:10,288 [INFO] CodeEngine:208 - Generated code: C:\Users\ryouma\Documents\GitHub\RoboMaster_Salamander_okadatech\rm_summer\rm_summer\Inc\tim.h
2019-08-31 16:39:10,304 [INFO] LogOutputStream:76 - [STDOUT_REDIRECT] Command line
2019-08-31 16:39:10,304 [INFO] LogOutputStream:76 - [STDOUT_REDIRECT] Debug : prepare data for USART
2019-08-31 16:39:10,304 [INFO] LogOutputStream:76 - [STDOUT_REDIRECT] Command line test
2019-08-31 16:39:10,351 [INFO] CodeEngine:190 - oldGeneratedFile, C:\Users\ryouma\Documents\GitHub\RoboMaster_Salamander_okadatech\rm_summer\rm_summer\Src\usart.c_save
2019-08-31 16:39:10,585 [INFO] CodeEngine:208 - Generated code: C:\Users\ryouma\Documents\GitHub\RoboMaster_Salamander_okadatech\rm_summer\rm_summer\Src\usart.c
2019-08-31 16:39:10,632 [INFO] CodeEngine:190 - oldGeneratedFile, C:\Users\ryouma\Documents\GitHub\RoboMaster_Salamander_okadatech\rm_summer\rm_summer\Inc\usart.h_save
2019-08-31 16:39:10,773 [INFO] CodeEngine:208 - Generated code: C:\Users\ryouma\Documents\GitHub\RoboMaster_Salamander_okadatech\rm_summer\rm_summer\Inc\usart.h
2019-08-31 16:39:10,773 [INFO] LogOutputStream:76 - [STDOUT_REDIRECT] Debug : prepare data for NVIC
2019-08-31 16:39:10,773 [INFO] LogOutputStream:76 - [STDOUT_REDIRECT] Command line test
2019-08-31 16:39:10,835 [INFO] CodeEngine:190 - oldGeneratedFile, C:\Users\ryouma\Documents\GitHub\RoboMaster_Salamander_okadatech\rm_summer\rm_summer\Src\stm32f4xx_it.c_save
2019-08-31 16:39:11,142 [INFO] CodeEngine:208 - Generated code: C:\Users\ryouma\Documents\GitHub\RoboMaster_Salamander_okadatech\rm_summer\rm_summer\Src\stm32f4xx_it.c
2019-08-31 16:39:11,189 [INFO] CodeEngine:190 - oldGeneratedFile, C:\Users\ryouma\Documents\GitHub\RoboMaster_Salamander_okadatech\rm_summer\rm_summer\Inc\stm32f4xx_it.h_save
2019-08-31 16:39:11,299 [INFO] CodeEngine:208 - Generated code: C:\Users\ryouma\Documents\GitHub\RoboMaster_Salamander_okadatech\rm_summer\rm_summer\Inc\stm32f4xx_it.h
2019-08-31 16:39:11,408 [INFO] CodeEngine:190 - oldGeneratedFile, C:\Users\ryouma\Documents\GitHub\RoboMaster_Salamander_okadatech\rm_summer\rm_summer\Src\stm32f4xx_hal_msp.c_save
2019-08-31 16:39:11,611 [INFO] CodeEngine:208 - Generated code: C:\Users\ryouma\Documents\GitHub\RoboMaster_Salamander_okadatech\rm_summer\rm_summer\Src\stm32f4xx_hal_msp.c
2019-08-31 16:39:11,689 [INFO] CodeEngine:190 - oldGeneratedFile, C:\Users\ryouma\Documents\GitHub\RoboMaster_Salamander_okadatech\rm_summer\rm_summer\MXTmpFiles\system.tmp_save
2019-08-31 16:39:11,814 [INFO] CodeEngine:208 - Generated code: C:\Users\ryouma\Documents\GitHub\RoboMaster_Salamander_okadatech\rm_summer\rm_summer\MXTmpFiles\system.tmp
2019-08-31 16:39:11,877 [INFO] CodeEngine:190 - oldGeneratedFile, C:\Users\ryouma\Documents\GitHub\RoboMaster_Salamander_okadatech\rm_summer\rm_summer\Inc\stm32f4xx_hal_conf.h_save
2019-08-31 16:39:12,095 [INFO] CodeEngine:208 - Generated code: C:\Users\ryouma\Documents\GitHub\RoboMaster_Salamander_okadatech\rm_summer\rm_summer\Inc\stm32f4xx_hal_conf.h
2019-08-31 16:39:12,236 [INFO] CodeEngine:190 - oldGeneratedFile, C:\Users\ryouma\Documents\GitHub\RoboMaster_Salamander_okadatech\rm_summer\rm_summer\Inc\main.h_save
2019-08-31 16:39:12,455 [INFO] CodeEngine:208 - Generated code: C:\Users\ryouma\Documents\GitHub\RoboMaster_Salamander_okadatech\rm_summer\rm_summer\Inc\main.h
2019-08-31 16:39:12,501 [INFO] CodeEngine:190 - oldGeneratedFile, C:\Users\ryouma\Documents\GitHub\RoboMaster_Salamander_okadatech\rm_summer\rm_summer\Src\main.c_save
2019-08-31 16:39:12,705 [INFO] CodeEngine:208 - Generated code: C:\Users\ryouma\Documents\GitHub\RoboMaster_Salamander_okadatech\rm_summer\rm_summer\Src\main.c
2019-08-31 16:39:13,999 [INFO] ProjectBuilder:1570 - Time for Copy HAL[1] : 797mS.
2019-08-31 16:39:13,999 [INFO] ProjectBuilder:2138 - Project Generator version: 3.4.0
2019-08-31 16:39:14,608 [INFO] ConfigFileManager:879 - The Die is : DIE419
2019-08-31 16:39:14,624 [INFO] LogOutputStream:76 - [STDOUT_REDIRECT] configName ==Arm Cortex-M4
2019-08-31 16:39:14,909 [INFO] LogOutputStream:76 - [STDOUT_REDIRECT] memory ==name="RAM" access="xrw" start="0x20000000" size="192"
2019-08-31 16:39:14,919 [INFO] LogOutputStream:76 - [STDOUT_REDIRECT] memory ==name="CCMRAM" access="rw" start="0x10000000" size="64"
2019-08-31 16:39:14,921 [INFO] LogOutputStream:76 - [STDOUT_REDIRECT] memory ==name="FLASH" access="rx" start="0x8000000" size="2048"
2019-08-31 16:39:15,092 [INFO] LogOutputStream:76 - [STDOUT_REDIRECT] namefile= STM32CubeIDE
2019-08-31 16:39:15,092 [INFO] LogOutputStream:76 - [STDOUT_REDIRECT] method name===============generate
2019-08-31 16:39:25,068 [INFO] ProjectBuilder:2232 - Time for Generating toolchain IDE Files: 11069mS.
2019-08-31 16:39:25,076 [INFO] ProjectBuilder:1461 - Time for Copy CMSIS : 0mS.
2019-08-31 16:39:25,078 [INFO] ProjectBuilder:1461 - Time for Copy CMSIS : 0mS.
2019-08-31 16:41:04,325 [INFO] LogOutputStream:76 - [STDOUT_REDIRECT] NM parsing issue: line doesn't match pattern: 0000c504 r 
2019-08-31 16:41:07,604 [INFO] BlockDiagram:1818 - stop enableDisableButtons
